<?xml version="1.0" encoding="UTF-8"?>
<testng-results ignored="0" total="3" passed="3" failed="0" skipped="0">
  <reporter-output>
  </reporter-output>
  <suite started-at="2022-04-02T23:54:15 IST" name="Default suite" finished-at="2022-04-02T23:54:20 IST" duration-ms="4103">
    <groups>
    </groups>
    <test started-at="2022-04-02T23:54:15 IST" name="Default test" finished-at="2022-04-02T23:54:20 IST" duration-ms="4103">
      <class name="org.firstrestassured.Mavenrestassured.Put_Patch_method">
        <test-method signature="delete()[pri:0, instance:org.firstrestassured.Mavenrestassured.Put_Patch_method@37858383]" started-at="2022-04-02T23:54:16 IST" name="delete" finished-at="2022-04-02T23:54:18 IST" duration-ms="2838" status="PASS">
          <reporter-output>
          </reporter-output>
        </test-method> <!-- delete -->
        <test-method signature="patch()[pri:0, instance:org.firstrestassured.Mavenrestassured.Put_Patch_method@37858383]" started-at="2022-04-02T23:54:18 IST" name="patch" finished-at="2022-04-02T23:54:19 IST" duration-ms="712" status="PASS">
          <reporter-output>
          </reporter-output>
        </test-method> <!-- patch -->
        <test-method signature="put()[pri:0, instance:org.firstrestassured.Mavenrestassured.Put_Patch_method@37858383]" started-at="2022-04-02T23:54:19 IST" name="put" finished-at="2022-04-02T23:54:20 IST" duration-ms="487" status="PASS">
          <reporter-output>
          </reporter-output>
        </test-method> <!-- put -->
      </class> <!-- org.firstrestassured.Mavenrestassured.Put_Patch_method -->
    </test> <!-- Default test -->
  </suite> <!-- Default suite -->
</testng-results>
