<?xml version="1.0" encoding="UTF-8"?>
<!-- Generated by org.testng.reporters.JUnitXMLReporter -->
<testsuite ignored="0" hostname="LAPTOP-ARRH8E98" failures="0" tests="3" name="Default test" time="4.103" errors="0" timestamp="2022-04-02T23:54:20 IST">
  <testcase classname="org.firstrestassured.Mavenrestassured.Put_Patch_method" name="delete" time="2.838"/>
  <testcase classname="org.firstrestassured.Mavenrestassured.Put_Patch_method" name="patch" time="0.712"/>
  <testcase classname="org.firstrestassured.Mavenrestassured.Put_Patch_method" name="put" time="0.487"/>
</testsuite> <!-- Default test -->
